Compilación iniciada a las 29/11/2017 10:41:47.
     1>Proyecto "C:\Users\andre\Desktop\MowayAspiracion\MowayAspiracion\MowayAspiracion.vcxproj" en el nodo 2 (Build destinos).
     1>ClCompile:
         C:\Program Files (x86)\Microsoft Visual Studio 12.0\VC\bin\CL.exe /c /ZI /nologo /W3 /WX- /sdl /Od /Oy- /D WIN32 /D _WINDOWS /D _DEBUG /D _UNICODE /D UNICODE /D _AFXDLL /Gm /EHsc /RTC1 /MDd /GS /fp:precise /Zc:wchar_t /Zc:forScope /Yc"stdafx.h" /Fp"Debug\MowayAspiracion.pch" /Fo"Debug\\" /Fd"Debug\vc120.pdb" /Gd /TP /analyze- /errorReport:prompt stdafx.cpp
         stdafx.cpp
         C:\Program Files (x86)\Microsoft Visual Studio 12.0\VC\bin\CL.exe /c /ZI /nologo /W3 /WX- /sdl /Od /Oy- /D WIN32 /D _WINDOWS /D _DEBUG /D _UNICODE /D UNICODE /D _AFXDLL /Gm /EHsc /RTC1 /MDd /GS /fp:precise /Zc:wchar_t /Zc:forScope /Yu"stdafx.h" /Fp"Debug\MowayAspiracion.pch" /Fo"Debug\\" /Fd"Debug\vc120.pdb" /Gd /TP /analyze- /errorReport:prompt MowayAspiracion.cpp MowayAspiracionDlg.cpp
         MowayAspiracionDlg.cpp
         MowayAspiracion.cpp
         Generando código...
       ResourceCompile:
         C:\Program Files (x86)\Windows Kits\8.1\bin\x86\rc.exe /D _DEBUG /D _UNICODE /D UNICODE /D _AFXDLL /l"0x0c0a" /IDebug\ /nologo /fo"Debug\MowayAspiracion.res" MowayAspiracion.rc 
       Link:
         C:\Program Files (x86)\Microsoft Visual Studio 12.0\VC\bin\link.exe /ERRORREPORT:PROMPT /OUT:"C:\Users\andre\Desktop\MowayAspiracion\Debug\MowayAspiracion.exe" /INCREMENTAL /NOLOGO /MANIFEST /MANIFESTUAC:"level='asInvoker' uiAccess='false'" /manifest:embed /manifestinput:"C:\Program Files (x86)\Microsoft Visual Studio 12.0\VC\Include\Manifest\dpiaware.manifest" /DEBUG /PDB:"C:\Users\andre\Desktop\MowayAspiracion\Debug\MowayAspiracion.pdb" /SUBSYSTEM:WINDOWS /TLBID:1 /ENTRY:"wWinMainCRTStartup" /DYNAMICBASE /NXCOMPAT /IMPLIB:"C:\Users\andre\Desktop\MowayAspiracion\Debug\MowayAspiracion.lib" /MACHINE:X86 Debug\MowayAspiracion.res
         Debug\MowayAspiracion.obj
         Debug\MowayAspiracionDlg.obj
         Debug\stdafx.obj
         CMoway.lib
         LINK : no se encontró C:\Users\andre\Desktop\MowayAspiracion\Debug\MowayAspiracion.exe o no lo generó el último vínculo incremental; ejecutando vínculo completo
         MowayAspiracion.vcxproj -> C:\Users\andre\Desktop\MowayAspiracion\Debug\MowayAspiracion.exe
     1>Compilación del proyecto terminada "C:\Users\andre\Desktop\MowayAspiracion\MowayAspiracion\MowayAspiracion.vcxproj" (Build destinos).

Compilación correcta.

Tiempo transcurrido 00:00:31.36
